{"D:\\users\\ASUS\\Codes\\cohort JS practices\\assignments-master\\week-3\\01-middlewares\\03-errorcount.js": {"path":"D:\\users\\ASUS\\Codes\\cohort JS practices\\assignments-master\\week-3\\01-middlewares\\03-errorcount.js","all":false,"statementMap":{"0":{"start":{"line":1,"column":0},"end":{"line":1,"column":37}},"1":{"start":{"line":2,"column":0},"end":{"line":2,"column":33}},"2":{"start":{"line":3,"column":0},"end":{"line":3,"column":35}},"3":{"start":{"line":4,"column":0},"end":{"line":4,"column":0}},"4":{"start":{"line":5,"column":0},"end":{"line":5,"column":22}},"5":{"start":{"line":6,"column":0},"end":{"line":6,"column":19}},"6":{"start":{"line":7,"column":0},"end":{"line":7,"column":0}},"7":{"start":{"line":8,"column":0},"end":{"line":8,"column":37}},"8":{"start":{"line":9,"column":0},"end":{"line":9,"column":36}},"9":{"start":{"line":10,"column":0},"end":{"line":10,"column":41}},"10":{"start":{"line":11,"column":0},"end":{"line":11,"column":3}},"11":{"start":{"line":12,"column":0},"end":{"line":12,"column":0}},"12":{"start":{"line":13,"column":0},"end":{"line":13,"column":38}},"13":{"start":{"line":14,"column":0},"end":{"line":14,"column":54}},"14":{"start":{"line":15,"column":0},"end":{"line":15,"column":3}},"15":{"start":{"line":16,"column":0},"end":{"line":16,"column":0}},"16":{"start":{"line":17,"column":0},"end":{"line":17,"column":43}},"17":{"start":{"line":18,"column":0},"end":{"line":18,"column":39}},"18":{"start":{"line":19,"column":0},"end":{"line":19,"column":3}},"19":{"start":{"line":20,"column":0},"end":{"line":20,"column":67}},"20":{"start":{"line":21,"column":0},"end":{"line":21,"column":18}},"21":{"start":{"line":22,"column":0},"end":{"line":22,"column":87}},"22":{"start":{"line":23,"column":0},"end":{"line":23,"column":112}},"23":{"start":{"line":24,"column":0},"end":{"line":24,"column":29}},"24":{"start":{"line":25,"column":0},"end":{"line":25,"column":27}},"25":{"start":{"line":26,"column":0},"end":{"line":26,"column":15}},"26":{"start":{"line":27,"column":0},"end":{"line":27,"column":2}},"27":{"start":{"line":28,"column":0},"end":{"line":28,"column":0}},"28":{"start":{"line":29,"column":0},"end":{"line":29,"column":21}}},"s":{"0":1,"1":1,"2":1,"3":1,"4":1,"5":1,"6":1,"7":1,"8":11,"9":0,"10":1,"11":1,"12":1,"13":0,"14":1,"15":1,"16":1,"17":2,"18":1,"19":1,"20":1,"21":1,"22":1,"23":1,"24":11,"25":11,"26":11,"27":1,"28":1},"branchMap":{"0":{"type":"branch","line":8,"loc":{"start":{"line":8,"column":17},"end":{"line":11,"column":2}},"locations":[{"start":{"line":8,"column":17},"end":{"line":11,"column":2}}]},"1":{"type":"branch","line":9,"loc":{"start":{"line":9,"column":35},"end":{"line":11,"column":2}},"locations":[{"start":{"line":9,"column":35},"end":{"line":11,"column":2}}]},"2":{"type":"branch","line":17,"loc":{"start":{"line":17,"column":23},"end":{"line":19,"column":2}},"locations":[{"start":{"line":17,"column":23},"end":{"line":19,"column":2}}]},"3":{"type":"branch","line":24,"loc":{"start":{"line":24,"column":8},"end":{"line":27,"column":2}},"locations":[{"start":{"line":24,"column":8},"end":{"line":27,"column":2}}]}},"b":{"0":[11],"1":[0],"2":[2],"3":[11]},"fnMap":{},"f":{}}
}
